<?xml version="1.0" encoding="UTF-8"?>
<testng-results ignored="0" total="5" passed="4" failed="1" skipped="0">
  <reporter-output>
  </reporter-output>
  <suite started-at="2024-02-20T14:57:48 EST" name="Default suite" finished-at="2024-02-20T14:58:06 EST" duration-ms="17927">
    <groups>
    </groups>
    <test started-at="2024-02-20T14:57:48 EST" name="Default test" finished-at="2024-02-20T14:58:06 EST" duration-ms="17927">
      <class name="com.SalesforceApp.Automationtests.AutomationScripts">
        <test-method is-config="true" signature="setUpBeforeMethod(java.lang.String,org.testng.ITestResult)[pri:0, instance:com.SalesforceApp.Automationtests.AutomationScripts@1a9c38eb]" started-at="2024-02-20T14:57:48 EST" name="setUpBeforeMethod" finished-at="2024-02-20T14:57:50 EST" duration-ms="2103" status="PASS">
          <params>
            <param index="0">
              <value>
                <![CDATA[chrome]]>
              </value>
            </param>
            <param index="1">
              <value>
                <![CDATA[[TestResult name={null} status=CREATED method=AutomationScripts.Rememberme_login_3()[pri:0, instance:com.SalesforceApp.Automationtests.AutomationScripts@1a9c38eb] output={null}]]]>
              </value>
            </param>
          </params>
          <reporter-output>
          </reporter-output>
        </test-method> <!-- setUpBeforeMethod -->
        <test-method signature="Rememberme_login_3()[pri:0, instance:com.SalesforceApp.Automationtests.AutomationScripts@1a9c38eb]" started-at="2024-02-20T14:57:50 EST" name="Rememberme_login_3" finished-at="2024-02-20T14:57:52 EST" duration-ms="2104" status="FAIL">
          <exception class="java.lang.AssertionError">
            <message>
              <![CDATA[expected [Home Page ~ Salesforce - Developer Edition] but found []]]>
            </message>
            <full-stacktrace>
              <![CDATA[java.lang.AssertionError: expected [Home Page ~ Salesforce - Developer Edition] but found []
at org.testng.Assert.fail(Assert.java:111)
at org.testng.Assert.failNotEquals(Assert.java:1578)
at org.testng.Assert.assertEqualsImpl(Assert.java:150)
at org.testng.Assert.assertEquals(Assert.java:132)
at org.testng.Assert.assertEquals(Assert.java:656)
at org.testng.Assert.assertEquals(Assert.java:666)
at com.SalesforceApp.Automationtests.AutomationScripts.Rememberme_login_3(AutomationScripts.java:103)
at java.base/jdk.internal.reflect.NativeMethodAccessorImpl.invoke0(Native Method)
at java.base/jdk.internal.reflect.NativeMethodAccessorImpl.invoke(NativeMethodAccessorImpl.java:77)
at java.base/jdk.internal.reflect.DelegatingMethodAccessorImpl.invoke(DelegatingMethodAccessorImpl.java:43)
at java.base/java.lang.reflect.Method.invoke(Method.java:568)
at org.testng.internal.invokers.MethodInvocationHelper.invokeMethod(MethodInvocationHelper.java:139)
at org.testng.internal.invokers.TestInvoker.invokeMethod(TestInvoker.java:664)
at org.testng.internal.invokers.TestInvoker.invokeTestMethod(TestInvoker.java:227)
at org.testng.internal.invokers.MethodRunner.runInSequence(MethodRunner.java:50)
at org.testng.internal.invokers.TestInvoker$MethodInvocationAgent.invoke(TestInvoker.java:957)
at org.testng.internal.invokers.TestInvoker.invokeTestMethods(TestInvoker.java:200)
at org.testng.internal.invokers.TestMethodWorker.invokeTestMethods(TestMethodWorker.java:148)
at org.testng.internal.invokers.TestMethodWorker.run(TestMethodWorker.java:128)
at java.base/java.util.ArrayList.forEach(ArrayList.java:1511)
at org.testng.TestRunner.privateRun(TestRunner.java:848)
at org.testng.TestRunner.run(TestRunner.java:621)
at org.testng.SuiteRunner.runTest(SuiteRunner.java:443)
at org.testng.SuiteRunner.runSequentially(SuiteRunner.java:437)
at org.testng.SuiteRunner.privateRun(SuiteRunner.java:397)
at org.testng.SuiteRunner.run(SuiteRunner.java:336)
at org.testng.SuiteRunnerWorker.runSuite(SuiteRunnerWorker.java:52)
at org.testng.SuiteRunnerWorker.run(SuiteRunnerWorker.java:95)
at org.testng.TestNG.runSuitesSequentially(TestNG.java:1280)
at org.testng.TestNG.runSuitesLocally(TestNG.java:1200)
at org.testng.TestNG.runSuites(TestNG.java:1114)
at org.testng.TestNG.run(TestNG.java:1082)
at org.testng.remote.AbstractRemoteTestNG.run(AbstractRemoteTestNG.java:115)
at org.testng.remote.RemoteTestNG.initAndRun(RemoteTestNG.java:251)
at org.testng.remote.RemoteTestNG.main(RemoteTestNG.java:77)
]]>
            </full-stacktrace>
          </exception> <!-- java.lang.AssertionError -->
          <reporter-output>
          </reporter-output>
        </test-method> <!-- Rememberme_login_3 -->
        <test-method is-config="true" signature="tearDownAfterTestMethod()[pri:0, instance:com.SalesforceApp.Automationtests.AutomationScripts@1a9c38eb]" started-at="2024-02-20T14:57:54 EST" name="tearDownAfterTestMethod" finished-at="2024-02-20T14:57:54 EST" duration-ms="121" status="PASS">
          <reporter-output>
          </reporter-output>
        </test-method> <!-- tearDownAfterTestMethod -->
        <test-method is-config="true" signature="setUpBeforeMethod(java.lang.String,org.testng.ITestResult)[pri:0, instance:com.SalesforceApp.Automationtests.AutomationScripts@1a9c38eb]" started-at="2024-02-20T14:57:54 EST" name="setUpBeforeMethod" finished-at="2024-02-20T14:57:55 EST" duration-ms="1548" status="PASS">
          <params>
            <param index="0">
              <value>
                <![CDATA[chrome]]>
              </value>
            </param>
            <param index="1">
              <value>
                <![CDATA[[TestResult name={null} status=CREATED method=AutomationScripts.Rememberme_login_4a()[pri:0, instance:com.SalesforceApp.Automationtests.AutomationScripts@1a9c38eb] output={null}]]]>
              </value>
            </param>
          </params>
          <reporter-output>
          </reporter-output>
        </test-method> <!-- setUpBeforeMethod -->
        <test-method signature="Rememberme_login_4a()[pri:0, instance:com.SalesforceApp.Automationtests.AutomationScripts@1a9c38eb]" started-at="2024-02-20T14:57:55 EST" name="Rememberme_login_4a" finished-at="2024-02-20T14:57:56 EST" duration-ms="835" status="PASS">
          <reporter-output>
          </reporter-output>
        </test-method> <!-- Rememberme_login_4a -->
        <test-method is-config="true" signature="tearDownAfterTestMethod()[pri:0, instance:com.SalesforceApp.Automationtests.AutomationScripts@1a9c38eb]" started-at="2024-02-20T14:57:56 EST" name="tearDownAfterTestMethod" finished-at="2024-02-20T14:57:56 EST" duration-ms="94" status="PASS">
          <reporter-output>
          </reporter-output>
        </test-method> <!-- tearDownAfterTestMethod -->
        <test-method is-config="true" signature="setUpBeforeMethod(java.lang.String,org.testng.ITestResult)[pri:0, instance:com.SalesforceApp.Automationtests.AutomationScripts@1a9c38eb]" started-at="2024-02-20T14:57:56 EST" name="setUpBeforeMethod" finished-at="2024-02-20T14:57:58 EST" duration-ms="1604" status="PASS">
          <params>
            <param index="0">
              <value>
                <![CDATA[chrome]]>
              </value>
            </param>
            <param index="1">
              <value>
                <![CDATA[[TestResult name={null} status=CREATED method=AutomationScripts.Rememberme_login_4b()[pri:0, instance:com.SalesforceApp.Automationtests.AutomationScripts@1a9c38eb] output={null}]]]>
              </value>
            </param>
          </params>
          <reporter-output>
          </reporter-output>
        </test-method> <!-- setUpBeforeMethod -->
        <test-method signature="Rememberme_login_4b()[pri:0, instance:com.SalesforceApp.Automationtests.AutomationScripts@1a9c38eb]" started-at="2024-02-20T14:57:58 EST" name="Rememberme_login_4b" finished-at="2024-02-20T14:57:59 EST" duration-ms="895" status="PASS">
          <reporter-output>
          </reporter-output>
        </test-method> <!-- Rememberme_login_4b -->
        <test-method is-config="true" signature="tearDownAfterTestMethod()[pri:0, instance:com.SalesforceApp.Automationtests.AutomationScripts@1a9c38eb]" started-at="2024-02-20T14:57:59 EST" name="tearDownAfterTestMethod" finished-at="2024-02-20T14:57:59 EST" duration-ms="114" status="PASS">
          <reporter-output>
          </reporter-output>
        </test-method> <!-- tearDownAfterTestMethod -->
        <test-method is-config="true" signature="setUpBeforeMethod(java.lang.String,org.testng.ITestResult)[pri:0, instance:com.SalesforceApp.Automationtests.AutomationScripts@1a9c38eb]" started-at="2024-02-20T14:57:59 EST" name="setUpBeforeMethod" finished-at="2024-02-20T14:58:00 EST" duration-ms="1501" status="PASS">
          <params>
            <param index="0">
              <value>
                <![CDATA[chrome]]>
              </value>
            </param>
            <param index="1">
              <value>
                <![CDATA[[TestResult name={null} status=CREATED method=AutomationScripts.invalid_login_1()[pri:0, instance:com.SalesforceApp.Automationtests.AutomationScripts@1a9c38eb] output={null}]]]>
              </value>
            </param>
          </params>
          <reporter-output>
          </reporter-output>
        </test-method> <!-- setUpBeforeMethod -->
        <test-method signature="invalid_login_1()[pri:0, instance:com.SalesforceApp.Automationtests.AutomationScripts@1a9c38eb]" started-at="2024-02-20T14:58:00 EST" name="invalid_login_1" finished-at="2024-02-20T14:58:01 EST" duration-ms="1018" status="PASS">
          <reporter-output>
          </reporter-output>
        </test-method> <!-- invalid_login_1 -->
        <test-method is-config="true" signature="tearDownAfterTestMethod()[pri:0, instance:com.SalesforceApp.Automationtests.AutomationScripts@1a9c38eb]" started-at="2024-02-20T14:58:01 EST" name="tearDownAfterTestMethod" finished-at="2024-02-20T14:58:02 EST" duration-ms="113" status="PASS">
          <reporter-output>
          </reporter-output>
        </test-method> <!-- tearDownAfterTestMethod -->
        <test-method is-config="true" signature="setUpBeforeMethod(java.lang.String,org.testng.ITestResult)[pri:0, instance:com.SalesforceApp.Automationtests.AutomationScripts@1a9c38eb]" started-at="2024-02-20T14:58:02 EST" name="setUpBeforeMethod" finished-at="2024-02-20T14:58:03 EST" duration-ms="1713" status="PASS">
          <params>
            <param index="0">
              <value>
                <![CDATA[chrome]]>
              </value>
            </param>
            <param index="1">
              <value>
                <![CDATA[[TestResult name={null} status=CREATED method=AutomationScripts.succesLogin_2()[pri:0, instance:com.SalesforceApp.Automationtests.AutomationScripts@1a9c38eb] output={null}]]]>
              </value>
            </param>
          </params>
          <reporter-output>
          </reporter-output>
        </test-method> <!-- setUpBeforeMethod -->
        <test-method signature="succesLogin_2()[pri:0, instance:com.SalesforceApp.Automationtests.AutomationScripts@1a9c38eb]" started-at="2024-02-20T14:58:03 EST" name="succesLogin_2" finished-at="2024-02-20T14:58:06 EST" duration-ms="2518" status="PASS">
          <reporter-output>
          </reporter-output>
        </test-method> <!-- succesLogin_2 -->
        <test-method is-config="true" signature="tearDownAfterTestMethod()[pri:0, instance:com.SalesforceApp.Automationtests.AutomationScripts@1a9c38eb]" started-at="2024-02-20T14:58:06 EST" name="tearDownAfterTestMethod" finished-at="2024-02-20T14:58:06 EST" duration-ms="112" status="PASS">
          <reporter-output>
          </reporter-output>
        </test-method> <!-- tearDownAfterTestMethod -->
      </class> <!-- com.SalesforceApp.Automationtests.AutomationScripts -->
    </test> <!-- Default test -->
  </suite> <!-- Default suite -->
</testng-results>
